c:\users\julian\onedrive\desktop\gitrepos\visualizedpathfinding\build\visualizedpathfinding.dir\debug\vc143.pdb
c:\users\julian\onedrive\desktop\gitrepos\visualizedpathfinding\build\visualizedpathfinding.dir\debug\vsrenderer.obj
c:\users\julian\onedrive\desktop\gitrepos\visualizedpathfinding\build\visualizedpathfinding.dir\debug\renderer.obj
c:\users\julian\onedrive\desktop\gitrepos\visualizedpathfinding\build\visualizedpathfinding.dir\debug\main.obj
c:\users\julian\onedrive\desktop\gitrepos\visualizedpathfinding\build\visualizedpathfinding.dir\debug\binaryheap.obj
c:\users\julian\onedrive\desktop\gitrepos\visualizedpathfinding\build\visualizedpathfinding.dir\debug\algorithm.obj
c:\users\julian\onedrive\desktop\gitrepos\visualizedpathfinding\build\cmakefiles\generate.stamp
c:\users\julian\onedrive\desktop\gitrepos\visualizedpathfinding\build\debug\visualizedpathfinding.pdb
c:\users\julian\onedrive\desktop\gitrepos\visualizedpathfinding\build\visualizedpathfinding.dir\debug\visualiz.0a2c37d6.tlog\cl.command.1.tlog
c:\users\julian\onedrive\desktop\gitrepos\visualizedpathfinding\build\visualizedpathfinding.dir\debug\visualiz.0a2c37d6.tlog\cl.read.1.tlog
c:\users\julian\onedrive\desktop\gitrepos\visualizedpathfinding\build\visualizedpathfinding.dir\debug\visualiz.0a2c37d6.tlog\cl.write.1.tlog
c:\users\julian\onedrive\desktop\gitrepos\visualizedpathfinding\build\visualizedpathfinding.dir\debug\visualiz.0a2c37d6.tlog\custombuild.command.1.tlog
c:\users\julian\onedrive\desktop\gitrepos\visualizedpathfinding\build\visualizedpathfinding.dir\debug\visualiz.0a2c37d6.tlog\custombuild.read.1.tlog
c:\users\julian\onedrive\desktop\gitrepos\visualizedpathfinding\build\visualizedpathfinding.dir\debug\visualiz.0a2c37d6.tlog\custombuild.write.1.tlog
c:\users\julian\onedrive\desktop\gitrepos\visualizedpathfinding\build\visualizedpathfinding.dir\debug\visualiz.0a2c37d6.tlog\link-cvtres.read.1.tlog
c:\users\julian\onedrive\desktop\gitrepos\visualizedpathfinding\build\visualizedpathfinding.dir\debug\visualiz.0a2c37d6.tlog\link-cvtres.write.1.tlog
c:\users\julian\onedrive\desktop\gitrepos\visualizedpathfinding\build\visualizedpathfinding.dir\debug\visualiz.0a2c37d6.tlog\link-rc.read.1.tlog
c:\users\julian\onedrive\desktop\gitrepos\visualizedpathfinding\build\visualizedpathfinding.dir\debug\visualiz.0a2c37d6.tlog\link-rc.write.1.tlog
c:\users\julian\onedrive\desktop\gitrepos\visualizedpathfinding\build\visualizedpathfinding.dir\debug\visualiz.0a2c37d6.tlog\link.command.1.tlog
c:\users\julian\onedrive\desktop\gitrepos\visualizedpathfinding\build\visualizedpathfinding.dir\debug\visualiz.0a2c37d6.tlog\link.read.1.tlog
c:\users\julian\onedrive\desktop\gitrepos\visualizedpathfinding\build\visualizedpathfinding.dir\debug\visualiz.0a2c37d6.tlog\link.write.1.tlog
