The system is: Windows - 10.0.22000 - AMD64
Compiling the C compiler identification source file "CMakeCCompilerId.c" succeeded.
Compiler: C:/Program Files/Microsoft Visual Studio/2022/Community/VC/Tools/MSVC/14.31.31103/bin/Hostx64/x64/cl.exe 
Build flags: 
Id flags:  

The output was:
0
Microsoft (R) C/C++ Optimizing Compiler Version 19.31.31107 for x64
Copyright (C) Microsoft Corporation.  All rights reserved.

CMakeCCompilerId.c
Microsoft (R) Incremental Linker Version 14.31.31107.0
Copyright (C) Microsoft Corporation.  All rights reserved.

/out:CMakeCCompilerId.exe 
CMakeCCompilerId.obj 


Compilation of the C compiler identification source "CMakeCCompilerId.c" produced "CMakeCCompilerId.exe"

Compilation of the C compiler identification source "CMakeCCompilerId.c" produced "CMakeCCompilerId.obj"

The C compiler identification is MSVC, found in "C:/Users/Julian/source/repos/Pretscher/VisualizedPathfinding/out/build/x64-Debug/CMakeFiles/3.22.22022201-MSVC_2/CompilerIdC/CMakeCCompilerId.exe"

Compiling the CXX compiler identification source file "CMakeCXXCompilerId.cpp" succeeded.
Compiler: C:/Program Files/Microsoft Visual Studio/2022/Community/VC/Tools/MSVC/14.31.31103/bin/Hostx64/x64/cl.exe 
Build flags: 
Id flags:  

The output was:
0
Microsoft (R) C/C++ Optimizing Compiler Version 19.31.31107 for x64
Copyright (C) Microsoft Corporation.  All rights reserved.

CMakeCXXCompilerId.cpp
Microsoft (R) Incremental Linker Version 14.31.31107.0
Copyright (C) Microsoft Corporation.  All rights reserved.

/out:CMakeCXXCompilerId.exe 
CMakeCXXCompilerId.obj 


Compilation of the CXX compiler identification source "CMakeCXXCompilerId.cpp" produced "CMakeCXXCompilerId.exe"

Compilation of the CXX compiler identification source "CMakeCXXCompilerId.cpp" produced "CMakeCXXCompilerId.obj"

The CXX compiler identification is MSVC, found in "C:/Users/Julian/source/repos/Pretscher/VisualizedPathfinding/out/build/x64-Debug/CMakeFiles/3.22.22022201-MSVC_2/CompilerIdCXX/CMakeCXXCompilerId.exe"

Detecting C compiler ABI info compiled with the following output:
Change Dir: C:/Users/Julian/source/repos/Pretscher/VisualizedPathfinding/out/build/x64-Debug/CMakeFiles/CMakeTmp

Run Build Command(s):C:/Program Files/Microsoft Visual Studio/2022/Community/Common7/IDE/CommonExtensions/Microsoft/CMake/Ninja/ninja.exe cmTC_275ed && [1/2] Building C object CMakeFiles\cmTC_275ed.dir\CMakeCCompilerABI.c.obj
[2/2] Linking C executable cmTC_275ed.exe



Detecting CXX compiler ABI info compiled with the following output:
Change Dir: C:/Users/Julian/source/repos/Pretscher/VisualizedPathfinding/out/build/x64-Debug/CMakeFiles/CMakeTmp

Run Build Command(s):C:/Program Files/Microsoft Visual Studio/2022/Community/Common7/IDE/CommonExtensions/Microsoft/CMake/Ninja/ninja.exe cmTC_df937 && [1/2] Building CXX object CMakeFiles\cmTC_df937.dir\CMakeCXXCompilerABI.cpp.obj
[2/2] Linking CXX executable cmTC_df937.exe



Determining if the include file sys/types.h exists passed with the following output:
Change Dir: C:/Users/Julian/source/repos/Pretscher/VisualizedPathfinding/out/build/x64-Debug/CMakeFiles/CMakeTmp

Run Build Command(s):C:/Program Files/Microsoft Visual Studio/2022/Community/Common7/IDE/CommonExtensions/Microsoft/CMake/Ninja/ninja.exe cmTC_58538 && [1/2] Building C object CMakeFiles\cmTC_58538.dir\CheckIncludeFile.c.obj
[2/2] Linking C executable cmTC_58538.exe



Determining if the include file stdint.h exists passed with the following output:
Change Dir: C:/Users/Julian/source/repos/Pretscher/VisualizedPathfinding/out/build/x64-Debug/CMakeFiles/CMakeTmp

Run Build Command(s):C:/Program Files/Microsoft Visual Studio/2022/Community/Common7/IDE/CommonExtensions/Microsoft/CMake/Ninja/ninja.exe cmTC_e8090 && [1/2] Building C object CMakeFiles\cmTC_e8090.dir\CheckIncludeFile.c.obj
[2/2] Linking C executable cmTC_e8090.exe



Determining if the include file stddef.h exists passed with the following output:
Change Dir: C:/Users/Julian/source/repos/Pretscher/VisualizedPathfinding/out/build/x64-Debug/CMakeFiles/CMakeTmp

Run Build Command(s):C:/Program Files/Microsoft Visual Studio/2022/Community/Common7/IDE/CommonExtensions/Microsoft/CMake/Ninja/ninja.exe cmTC_b495b && [1/2] Building C object CMakeFiles\cmTC_b495b.dir\CheckIncludeFile.c.obj
[2/2] Linking C executable cmTC_b495b.exe



Determining size of void* passed with the following output:
Change Dir: C:/Users/Julian/source/repos/Pretscher/VisualizedPathfinding/out/build/x64-Debug/CMakeFiles/CMakeTmp

Run Build Command(s):C:/Program Files/Microsoft Visual Studio/2022/Community/Common7/IDE/CommonExtensions/Microsoft/CMake/Ninja/ninja.exe cmTC_57776 && [1/2] Building C object CMakeFiles\cmTC_57776.dir\SIZEOF_VOID_PTR.c.obj
[2/2] Linking C executable cmTC_57776.exe



